<?xml version="1.0" encoding="UTF-8"?>
<testng-results ignored="0" total="8" passed="8" failed="0" skipped="0">
  <reporter-output>
  </reporter-output>
  <suite started-at="2024-07-19T08:11:28 UTC" name="Default suite" finished-at="2024-07-19T08:11:33 UTC" duration-ms="4319">
    <groups>
    </groups>
    <test started-at="2024-07-19T08:11:28 UTC" name="Default test" finished-at="2024-07-19T08:11:33 UTC" duration-ms="4319">
      <class name="tests.Swagtest">
        <test-method is-config="true" signature="setup()[pri:0, instance:tests.Swagtest@20deea7f]" started-at="2024-07-19T08:11:29 UTC" name="setup" finished-at="2024-07-19T08:11:29 UTC" duration-ms="916" status="PASS">
          <reporter-output>
          </reporter-output>
        </test-method> <!-- setup -->
        <test-method signature="verifyCartBadgeCount_addOneProduct()[pri:0, instance:tests.Swagtest@20deea7f]" started-at="2024-07-19T08:11:29 UTC" name="verifyCartBadgeCount_addOneProduct" finished-at="2024-07-19T08:11:31 UTC" duration-ms="1116" status="PASS">
          <reporter-output>
          </reporter-output>
        </test-method> <!-- verifyCartBadgeCount_addOneProduct -->
        <test-method is-config="true" signature="setup()[pri:0, instance:tests.Swagtest@20deea7f]" started-at="2024-07-19T08:11:31 UTC" name="setup" finished-at="2024-07-19T08:11:31 UTC" duration-ms="2" status="PASS">
          <reporter-output>
          </reporter-output>
        </test-method> <!-- setup -->
        <test-method signature="verifyCartBadgeCount_addTwoProduct()[pri:0, instance:tests.Swagtest@20deea7f]" started-at="2024-07-19T08:11:31 UTC" name="verifyCartBadgeCount_addTwoProduct" finished-at="2024-07-19T08:11:31 UTC" duration-ms="562" status="PASS">
          <reporter-output>
          </reporter-output>
        </test-method> <!-- verifyCartBadgeCount_addTwoProduct -->
        <test-method is-config="true" signature="setup()[pri:0, instance:tests.Swagtest@20deea7f]" started-at="2024-07-19T08:11:31 UTC" name="setup" finished-at="2024-07-19T08:11:31 UTC" duration-ms="1" status="PASS">
          <reporter-output>
          </reporter-output>
        </test-method> <!-- setup -->
        <test-method signature="verifyCartListCount()[pri:0, instance:tests.Swagtest@20deea7f]" started-at="2024-07-19T08:11:31 UTC" name="verifyCartListCount" finished-at="2024-07-19T08:11:32 UTC" duration-ms="400" status="PASS">
          <reporter-output>
          </reporter-output>
        </test-method> <!-- verifyCartListCount -->
        <test-method is-config="true" signature="setup()[pri:0, instance:tests.Swagtest@20deea7f]" started-at="2024-07-19T08:11:32 UTC" name="setup" finished-at="2024-07-19T08:11:32 UTC" duration-ms="2" status="PASS">
          <reporter-output>
          </reporter-output>
        </test-method> <!-- setup -->
        <test-method signature="verifyLockedUserLogin()[pri:0, instance:tests.Swagtest@20deea7f]" started-at="2024-07-19T08:11:32 UTC" name="verifyLockedUserLogin" finished-at="2024-07-19T08:11:32 UTC" duration-ms="223" status="PASS">
          <reporter-output>
          </reporter-output>
        </test-method> <!-- verifyLockedUserLogin -->
        <test-method is-config="true" signature="setup()[pri:0, instance:tests.Swagtest@20deea7f]" started-at="2024-07-19T08:11:32 UTC" name="setup" finished-at="2024-07-19T08:11:32 UTC" duration-ms="1" status="PASS">
          <reporter-output>
          </reporter-output>
        </test-method> <!-- setup -->
        <test-method signature="verifyLogin(java.lang.String,java.lang.String,boolean)[pri:0, instance:tests.Swagtest@20deea7f]" started-at="2024-07-19T08:11:32 UTC" name="verifyLogin" data-provider="loginChecks" finished-at="2024-07-19T08:11:32 UTC" duration-ms="249" status="PASS">
          <params>
            <param index="0">
              <value>
                <![CDATA[locked_out_user]]>
              </value>
            </param>
            <param index="1">
              <value>
                <![CDATA[secret_sauce]]>
              </value>
            </param>
            <param index="2">
              <value>
                <![CDATA[false]]>
              </value>
            </param>
          </params>
          <reporter-output>
          </reporter-output>
        </test-method> <!-- verifyLogin -->
        <test-method is-config="true" signature="setup()[pri:0, instance:tests.Swagtest@20deea7f]" started-at="2024-07-19T08:11:32 UTC" name="setup" finished-at="2024-07-19T08:11:32 UTC" duration-ms="1" status="PASS">
          <reporter-output>
          </reporter-output>
        </test-method> <!-- setup -->
        <test-method signature="verifyLogin(java.lang.String,java.lang.String,boolean)[pri:0, instance:tests.Swagtest@20deea7f]" started-at="2024-07-19T08:11:32 UTC" name="verifyLogin" data-provider="loginChecks" finished-at="2024-07-19T08:11:32 UTC" duration-ms="251" status="PASS">
          <params>
            <param index="0">
              <value>
                <![CDATA[standard_user]]>
              </value>
            </param>
            <param index="1">
              <value>
                <![CDATA[secret_sauce]]>
              </value>
            </param>
            <param index="2">
              <value>
                <![CDATA[true]]>
              </value>
            </param>
          </params>
          <reporter-output>
          </reporter-output>
        </test-method> <!-- verifyLogin -->
        <test-method is-config="true" signature="setup()[pri:0, instance:tests.Swagtest@20deea7f]" started-at="2024-07-19T08:11:32 UTC" name="setup" finished-at="2024-07-19T08:11:32 UTC" duration-ms="1" status="PASS">
          <reporter-output>
          </reporter-output>
        </test-method> <!-- setup -->
        <test-method signature="verifyLogin(java.lang.String,java.lang.String,boolean)[pri:0, instance:tests.Swagtest@20deea7f]" started-at="2024-07-19T08:11:32 UTC" name="verifyLogin" data-provider="loginChecks" finished-at="2024-07-19T08:11:33 UTC" duration-ms="279" status="PASS">
          <params>
            <param index="0">
              <value>
                <![CDATA[problem_user]]>
              </value>
            </param>
            <param index="1">
              <value>
                <![CDATA[secret_sauce]]>
              </value>
            </param>
            <param index="2">
              <value>
                <![CDATA[true]]>
              </value>
            </param>
          </params>
          <reporter-output>
          </reporter-output>
        </test-method> <!-- verifyLogin -->
        <test-method is-config="true" signature="setup()[pri:0, instance:tests.Swagtest@20deea7f]" started-at="2024-07-19T08:11:33 UTC" name="setup" finished-at="2024-07-19T08:11:33 UTC" duration-ms="1" status="PASS">
          <reporter-output>
          </reporter-output>
        </test-method> <!-- setup -->
        <test-method signature="verifyValidLogin()[pri:0, instance:tests.Swagtest@20deea7f]" started-at="2024-07-19T08:11:33 UTC" name="verifyValidLogin" finished-at="2024-07-19T08:11:33 UTC" duration-ms="256" status="PASS">
          <reporter-output>
          </reporter-output>
        </test-method> <!-- verifyValidLogin -->
      </class> <!-- tests.Swagtest -->
    </test> <!-- Default test -->
  </suite> <!-- Default suite -->
</testng-results>
