<?xml version="1.0" encoding="UTF-8"?>
<!-- Generated by org.testng.reporters.JUnitReportReporter -->
<testsuite hostname="LAPTOP-GMTB97HV" failures="0" tests="5" name="runners.TestRunner" time="70.758" errors="0" timestamp="2026-03-29T17:52:49 AST" skipped="0">
  <testcase classname="runners.TestRunner" name="runScenario" time="13.795"/>
  <testcase classname="runners.TestRunner" name="runScenario" time="14.023"/>
  <testcase classname="runners.TestRunner" name="runScenario" time="9.390"/>
  <testcase classname="runners.TestRunner" name="runScenario" time="15.046"/>
  <testcase classname="runners.TestRunner" name="runScenario" time="18.504"/>
</testsuite> <!-- runners.TestRunner -->
