<?xml version="1.0" encoding="UTF-8"?>
<!-- Generated by org.testng.reporters.JUnitXMLReporter -->
<testsuite ignored="0" hostname="vm-lab59-11-354" failures="0" tests="4" name="Test" time="28.058" errors="0" timestamp="2024-09-05T05:12:18 UTC">
  <testcase classname="testNGtests.HomeLoanEmiWithInterestRateTests" name="verifyEmiValuesWithYearsTenureInYears" time="5.305"/>
  <testcase classname="testNGtests.HomeLoanEmiWithInterestRateTests" name="verifyEmiValuesWithYearsTenureInYears" time="2.102"/>
  <testcase classname="testNGtests.HomeLoanScreenRefresh" name="verifyValuesAfterBrowserRefresh" time="7.463"/>
  <testcase classname="testNGtests.HomeLoanEmiTests_withMonths" name="verifyEmiValuesWithYearsTenureInMonths" time="9.805"/>
</testsuite> <!-- Test -->
