<?xml version="1.0" encoding="UTF-8"?>
<!-- Generated by org.testng.reporters.JUnitReportReporter -->
<testsuite hostname="vm-lab59-11-354" failures="0" tests="2" name="testNGtests.HomeLoanEmiTests2_withIR" time="5.868" errors="0" timestamp="2024-08-28T10:55:23 UTC" skipped="0">
  <testcase classname="testNGtests.HomeLoanEmiTests2_withIR" name="verifyEmiValuesWithYearsTenureInYears" time="2.248"/>
  <testcase classname="testNGtests.HomeLoanEmiTests2_withIR" name="verifyEmiValuesWithYearsTenureInYears" time="3.620"/>
</testsuite> <!-- testNGtests.HomeLoanEmiTests2_withIR -->
