<?xml version="1.0" encoding="UTF-8"?>
<testng-results ignored="0" total="5" passed="5" failed="0" skipped="0">
  <reporter-output>
  </reporter-output>
  <suite started-at="2024-07-23T13:57:14 UTC" name="Default suite" finished-at="2024-07-23T13:57:24 UTC" duration-ms="9476">
    <groups>
      <group name="cucumber">
        <method signature="AbstractTestNGCucumberTests.runScenario(io.cucumber.testng.PickleWrapper,io.cucumber.testng.FeatureWrapper)[pri:0, instance:testrunner.TestRunner@3febb011]" name="runScenario" class="io.cucumber.testng.AbstractTestNGCucumberTests"/>
      </group> <!-- cucumber -->
    </groups>
    <test started-at="2024-07-23T13:57:14 UTC" name="Default test" finished-at="2024-07-23T13:57:24 UTC" duration-ms="9476">
      <class name="testrunner.TestRunner">
        <test-method is-config="true" signature="setUpClass(org.testng.ITestContext)[pri:0, instance:testrunner.TestRunner@3febb011]" started-at="2024-07-23T13:57:14 UTC" name="setUpClass" finished-at="2024-07-23T13:57:15 UTC" duration-ms="458" status="PASS">
          <params>
            <param index="0">
              <value>
                <![CDATA[org.testng.TestRunner@55e42449]]>
              </value>
            </param>
          </params>
          <reporter-output>
          </reporter-output>
        </test-method> <!-- setUpClass -->
        <test-method signature="runScenario(io.cucumber.testng.PickleWrapper,io.cucumber.testng.FeatureWrapper)[pri:0, instance:testrunner.TestRunner@3febb011]" started-at="2024-07-23T13:57:15 UTC" name="runScenario" description="Runs Cucumber Scenarios" data-provider="scenarios" finished-at="2024-07-23T13:57:17 UTC" duration-ms="2353" status="PASS">
          <params>
            <param index="0">
              <value>
                <![CDATA["Login with valid data"]]>
              </value>
            </param>
            <param index="1">
              <value>
                <![CDATA["Login"]]>
              </value>
            </param>
          </params>
          <reporter-output>
          </reporter-output>
        </test-method> <!-- runScenario -->
        <test-method signature="runScenario(io.cucumber.testng.PickleWrapper,io.cucumber.testng.FeatureWrapper)[pri:0, instance:testrunner.TestRunner@3febb011]" started-at="2024-07-23T13:57:17 UTC" name="runScenario" description="Runs Cucumber Scenarios" data-provider="scenarios" finished-at="2024-07-23T13:57:19 UTC" duration-ms="1472" status="PASS">
          <params>
            <param index="0">
              <value>
                <![CDATA["Login with invalid data"]]>
              </value>
            </param>
            <param index="1">
              <value>
                <![CDATA["Login"]]>
              </value>
            </param>
          </params>
          <reporter-output>
          </reporter-output>
        </test-method> <!-- runScenario -->
        <test-method signature="runScenario(io.cucumber.testng.PickleWrapper,io.cucumber.testng.FeatureWrapper)[pri:0, instance:testrunner.TestRunner@3febb011]" started-at="2024-07-23T13:57:19 UTC" name="runScenario" description="Runs Cucumber Scenarios" data-provider="scenarios" finished-at="2024-07-23T13:57:20 UTC" duration-ms="1703" status="PASS">
          <params>
            <param index="0">
              <value>
                <![CDATA["Login with invalid data"]]>
              </value>
            </param>
            <param index="1">
              <value>
                <![CDATA["Login"]]>
              </value>
            </param>
          </params>
          <reporter-output>
          </reporter-output>
        </test-method> <!-- runScenario -->
        <test-method signature="runScenario(io.cucumber.testng.PickleWrapper,io.cucumber.testng.FeatureWrapper)[pri:0, instance:testrunner.TestRunner@3febb011]" started-at="2024-07-23T13:57:20 UTC" name="runScenario" description="Runs Cucumber Scenarios" data-provider="scenarios" finished-at="2024-07-23T13:57:22 UTC" duration-ms="1738" status="PASS">
          <params>
            <param index="0">
              <value>
                <![CDATA["Login with invalid data"]]>
              </value>
            </param>
            <param index="1">
              <value>
                <![CDATA["Login"]]>
              </value>
            </param>
          </params>
          <reporter-output>
          </reporter-output>
        </test-method> <!-- runScenario -->
        <test-method signature="runScenario(io.cucumber.testng.PickleWrapper,io.cucumber.testng.FeatureWrapper)[pri:0, instance:testrunner.TestRunner@3febb011]" started-at="2024-07-23T13:57:22 UTC" name="runScenario" description="Runs Cucumber Scenarios" data-provider="scenarios" finished-at="2024-07-23T13:57:24 UTC" duration-ms="1670" status="PASS">
          <params>
            <param index="0">
              <value>
                <![CDATA["Login with invalid data"]]>
              </value>
            </param>
            <param index="1">
              <value>
                <![CDATA["Login"]]>
              </value>
            </param>
          </params>
          <reporter-output>
          </reporter-output>
        </test-method> <!-- runScenario -->
        <test-method is-config="true" signature="tearDownClass()[pri:0, instance:testrunner.TestRunner@3febb011]" started-at="2024-07-23T13:57:24 UTC" name="tearDownClass" finished-at="2024-07-23T13:57:24 UTC" duration-ms="45" status="PASS">
          <reporter-output>
          </reporter-output>
        </test-method> <!-- tearDownClass -->
      </class> <!-- testrunner.TestRunner -->
    </test> <!-- Default test -->
  </suite> <!-- Default suite -->
</testng-results>
