<?xml version="1.0" encoding="UTF-8"?>
<!-- Generated by org.testng.reporters.JUnitXMLReporter -->
<testsuite ignored="0" hostname="vm-lab59-11-354" failures="0" tests="8" name="Default test" time="4.319" errors="0" timestamp="2024-07-19T08:11:33 UTC">
  <testcase classname="tests.Swagtest" name="verifyCartBadgeCount_addOneProduct" time="1.116"/>
  <testcase classname="tests.Swagtest" name="verifyCartBadgeCount_addTwoProduct" time="0.562"/>
  <testcase classname="tests.Swagtest" name="verifyCartListCount" time="0.4"/>
  <testcase classname="tests.Swagtest" name="verifyLockedUserLogin" time="0.223"/>
  <testcase classname="tests.Swagtest" name="verifyLogin" time="0.249"/>
  <testcase classname="tests.Swagtest" name="verifyLogin" time="0.251"/>
  <testcase classname="tests.Swagtest" name="verifyLogin" time="0.279"/>
  <testcase classname="tests.Swagtest" name="verifyValidLogin" time="0.256"/>
</testsuite> <!-- Default test -->
